<?xml version="1.0" encoding="UTF-8"?>
<!-- Generated by org.testng.reporters.JUnitXMLReporter -->
<testsuite ignored="0" hostname="user" failures="0" tests="6" name="FlightSearchTests" time="23.292" errors="0" timestamp="2024-09-01T21:32:41 EDT">
  <testcase classname="flight.FlightTest" name="testGetCheapestPrice" time="6.117"/>
  <testcase classname="flight.FlightTest" name="testGetCheapestPrice" time="1.029"/>
  <testcase classname="flight.FlightTest" name="testGetLongestDuration" time="7.488"/>
  <testcase classname="flight.FlightTest" name="testGetCheapestPrice" time="0.65"/>
  <testcase classname="flight.FlightTest" name="testGetLongestDuration" time="0.962"/>
  <testcase classname="flight.FlightTest" name="testGetLongestDuration" time="0.595"/>
</testsuite> <!-- FlightSearchTests -->
