<?xml version="1.0" encoding="UTF-8"?>
<!-- Generated by org.testng.reporters.JUnitXMLReporter -->
<testsuite ignored="1" hostname="user" failures="0" tests="3" name="Regression Tests" time="12.546" errors="0" timestamp="2024-09-01T21:39:09 EDT">
  <testcase classname="flight.FlightTest" name="testGetLongestDuration" time="1.897"/>
  <testcase classname="flight.FlightTest" name="testGetLongestDuration" time="0.359"/>
  <testcase classname="flight.FlightTest" name="testGetLongestDuration" time="0.485"/>
  <testcase classname="flight.FlightTest" name="testGetCheapestPrice" time="0.0">
    <ignored/>
  </testcase> <!-- testGetCheapestPrice -->
</testsuite> <!-- Regression Tests -->
