<?xml version="1.0" encoding="UTF-8"?>
<!-- Generated by org.testng.reporters.JUnitXMLReporter -->
<testsuite ignored="1" hostname="user" failures="0" tests="3" name="Smoke Tests" time="20.749" errors="0" timestamp="2024-09-01T21:38:57 EDT">
  <testcase classname="flight.FlightTest" name="testGetCheapestPrice" time="7.33"/>
  <testcase classname="flight.FlightTest" name="testGetCheapestPrice" time="0.57"/>
  <testcase classname="flight.FlightTest" name="testGetCheapestPrice" time="0.726"/>
  <testcase classname="flight.FlightTest" name="testGetLongestDuration" time="0.0">
    <ignored/>
  </testcase> <!-- testGetLongestDuration -->
</testsuite> <!-- Smoke Tests -->
