<?xml version="1.0" encoding="UTF-8"?>
<testng-results ignored="0" total="1" passed="1" failed="0" skipped="0">
  <reporter-output>
  </reporter-output>
  <suite started-at="2024-09-02T19:58:34Z" name="Default suite" finished-at="2024-09-02T19:58:58Z" duration-ms="24003">
    <groups>
      <group name="cucumber">
        <method signature="AbstractTestNGCucumberTests.runScenario(io.cucumber.testng.PickleWrapper, io.cucumber.testng.FeatureWrapper)[pri:0, instance:RunnerClass.TestRunner@312aa7c]" name="runScenario" class="io.cucumber.testng.AbstractTestNGCucumberTests"/>
      </group> <!-- cucumber -->
    </groups>
    <test started-at="2024-09-02T19:58:34Z" name="Default test" finished-at="2024-09-02T19:58:58Z" duration-ms="24003">
      <class name="RunnerClass.TestRunner">
        <test-method is-config="true" signature="setUpClass(org.testng.ITestContext)[pri:0, instance:RunnerClass.TestRunner@312aa7c]" started-at="2024-09-02T15:58:34Z" name="setUpClass" finished-at="2024-09-02T15:58:34Z" duration-ms="319" status="PASS">
          <params>
            <param index="0">
              <value>
                <![CDATA[org.testng.TestRunner@4b4ee511]]>
              </value>
            </param>
          </params>
          <reporter-output>
          </reporter-output>
        </test-method> <!-- setUpClass -->
        <test-method signature="runScenario(io.cucumber.testng.PickleWrapper, io.cucumber.testng.FeatureWrapper)[pri:0, instance:RunnerClass.TestRunner@312aa7c]" started-at="2024-09-02T15:58:34Z" name="runScenario" description="Runs Cucumber Scenarios" data-provider="scenarios" finished-at="2024-09-02T15:58:58Z" duration-ms="23625" status="PASS">
          <params>
            <param index="0">
              <value>
                <![CDATA["Find the cheapest and longest duration flights"]]>
              </value>
            </param>
            <param index="1">
              <value>
                <![CDATA["Flight Booking"]]>
              </value>
            </param>
          </params>
          <reporter-output>
          </reporter-output>
        </test-method> <!-- runScenario -->
        <test-method is-config="true" signature="tearDownClass()[pri:0, instance:RunnerClass.TestRunner@312aa7c]" started-at="2024-09-02T15:58:58Z" name="tearDownClass" finished-at="2024-09-02T15:58:58Z" duration-ms="31" status="PASS">
          <reporter-output>
          </reporter-output>
        </test-method> <!-- tearDownClass -->
      </class> <!-- RunnerClass.TestRunner -->
    </test> <!-- Default test -->
  </suite> <!-- Default suite -->
</testng-results>
